c:\users\dmbfm\documents\visual studio 2013\projects\gl2\gl2\x64\debug\vc120.pdb
c:\users\dmbfm\documents\visual studio 2013\projects\gl2\gl2\x64\debug\vc120.idb
c:\users\dmbfm\documents\visual studio 2013\projects\gl2\gl2\x64\debug\gl2.obj
c:\users\dmbfm\documents\visual studio 2013\projects\gl2\gl2\x64\debug\stdafx.obj
c:\users\dmbfm\documents\visual studio 2013\projects\gl2\gl2\x64\debug\shaders.obj
c:\files\doc\study\opengl\gl2\gl2\x64\debug\vc120.pdb
c:\files\doc\study\opengl\gl2\gl2\x64\debug\vc120.idb
c:\files\doc\study\opengl\gl2\gl2\x64\debug\gl2.obj
c:\files\doc\study\opengl\gl2\gl2\x64\debug\shaders.obj
c:\files\doc\study\opengl\gl2\gl2\x64\debug\stdafx.obj
c:\files\doc\study\opengl\gl2\gl2\x64\debug\glapp.obj
c:\files\doc\study\opengl\gl2\gl2\x64\debug\main.obj
c:\files\doc\study\opengl\opengl superbible\ch3\gl2\x64\debug\vc120.pdb
c:\files\doc\study\opengl\opengl superbible\ch3\gl2\x64\debug\vc120.idb
c:\files\doc\study\opengl\opengl superbible\ch3\gl2\x64\debug\main.obj
c:\files\doc\study\opengl\opengl superbible\ch3\gl2\x64\debug\shaders.obj
c:\files\doc\study\opengl\opengl superbible\ch3\gl2\x64\debug\stdafx.obj
c:\users\dmbfm\documents\visual studio 2013\projects\gl2\x64\debug\gl2.ilk
c:\users\dmbfm\documents\visual studio 2013\projects\gl2\x64\debug\gl2.exe
c:\users\dmbfm\documents\visual studio 2013\projects\gl2\x64\debug\gl2.pdb
c:\files\doc\study\opengl\gl2\x64\debug\gl2.ilk
c:\files\doc\study\opengl\gl2\x64\debug\gl2.exe
c:\files\doc\study\opengl\gl2\x64\debug\gl2.pdb
c:\files\doc\study\opengl\opengl superbible\ch3\x64\debug\gl2.ilk
c:\files\doc\study\opengl\opengl superbible\ch3\x64\debug\gl2.exe
c:\files\doc\study\opengl\opengl superbible\ch3\x64\debug\gl2.pdb
c:\files\doc\study\opengl\opengl superbible\ch3\gl2\x64\debug\gl2.obj
c:\files\doc\study\opengl\opengl superbible\ch3\gl2\x64\debug\glapp.obj
c:\files\doc\study\opengl\opengl superbible\ch3\gl2\x64\debug\gl2.tlog\cl.command.1.tlog
c:\files\doc\study\opengl\opengl superbible\ch3\gl2\x64\debug\gl2.tlog\cl.read.1.tlog
c:\files\doc\study\opengl\opengl superbible\ch3\gl2\x64\debug\gl2.tlog\cl.write.1.tlog
c:\files\doc\study\opengl\opengl superbible\ch3\gl2\x64\debug\gl2.tlog\link.command.1.tlog
c:\files\doc\study\opengl\opengl superbible\ch3\gl2\x64\debug\gl2.tlog\link.read.1.tlog
c:\files\doc\study\opengl\opengl superbible\ch3\gl2\x64\debug\gl2.tlog\link.write.1.tlog
